*** Using Compiler 'V5.06 update 5 (build 528)', folder: 'C:\Keil_v5\ARM\ARMCC\Bin'
Rebuild target 'ADC'
assembling startup_stm32f103xe.s...
compiling gpio.c...
compiling stm32f1xx_hal_msp.c...
compiling stm32f1xx_it.c...
compiling stm32f1xx_hal_rcc_ex.c...
compiling adc.c...
compiling stm32f1xx_hal.c...
compiling usart.c...
compiling stm32f1xx_hal_gpio.c...
compiling main.c...
compiling stm32f1xx_hal_adc.c...
compiling dma.c...
compiling stm32f1xx_hal_cortex.c...
compiling stm32f1xx_hal_gpio_ex.c...
compiling stm32f1xx_hal_rcc.c...
compiling stm32f1xx_hal_adc_ex.c...
compiling stm32f1xx_hal_dma.c...
compiling stm32f1xx_hal_pwr.c...
compiling stm32f1xx_hal_flash_ex.c...
compiling system_stm32f1xx.c...
compiling stm32f1xx_hal_exti.c...
compiling stm32f1xx_hal_flash.c...
compiling stm32f1xx_hal_uart.c...
linking...
ADC\ADC.axf: Error: L6915E: Library reports error: __use_no_semihosting was requested, but _sys_exit was referenced
ADC\ADC.axf: Error: L6915E: Library reports error: __use_no_semihosting was requested, but _sys_open was referenced
ADC\ADC.axf: Error: L6915E: Library reports error: __use_no_semihosting was requested, but _ttywrch was referenced
Not enough information to list load addresses in the image map.
Finished: 1 information, 0 warning and 3 error messages.
"ADC\ADC.axf" - 3 Error(s), 0 Warning(s).
Target not created.
Build Time Elapsed:  00:00:10
